<?xml version="1.0" encoding="UTF-8" standalone="no"?><testsuite errors="1" failures="0" name="Sign Up in CMR Alkomprar page" skipped="0" tests="1" time="0.06" timestamp="2023-06-23 09:03:18"><testcase name="Signup in CRM Alkomprar page successful"><error type="java.lang.reflect.InvocationTargetException"/><system-err>null&#13;
io.cucumber.java.AbstractGlueDefinition.invokeMethod(AbstractGlueDefinition.java:47)&#13;
io.cucumber.java.JavaHookDefinition.execute(JavaHookDefinition.java:64)&#13;
io.cucumber.core.runner.CoreHookDefinition.execute(CoreHookDefinition.java:46)&#13;
io.cucumber.core.runner.HookDefinitionMatch.runStep(HookDefinitionMatch.java:21)&#13;
io.cucumber.core.runner.TestStep.executeStep(TestStep.java:84)&#13;
io.cucumber.core.runner.TestStep.run(TestStep.java:56)&#13;
io.cucumber.core.runner.TestCase.run(TestCase.java:78)&#13;
io.cucumber.core.runner.Runner.runPickle(Runner.java:75)&#13;
io.cucumber.core.runtime.CucumberExecutionContext.lambda$runTestCase$5(CucumberExecutionContext.java:130)&#13;
io.cucumber.core.runtime.RethrowingThrowableCollector.executeAndThrow(RethrowingThrowableCollector.java:23)&#13;
io.cucumber.core.runtime.CucumberExecutionContext.runTestCase(CucumberExecutionContext.java:130)&#13;
io.cucumber.junit.FeatureRunner.runChild(FeatureRunner.java:144)&#13;
io.cucumber.junit.FeatureRunner.runChild(FeatureRunner.java:28)&#13;
io.cucumber.junit.FeatureRunner.run(FeatureRunner.java:137)&#13;
io.cucumber.junit.CucumberSerenityBaseRunner.runChild(CucumberSerenityBaseRunner.java:330)&#13;
io.cucumber.junit.CucumberSerenityBaseRunner.runChild(CucumberSerenityBaseRunner.java:51)&#13;
worker.org.gradle.process.internal.worker.GradleWorkerMain.run(GradleWorkerMain.java:69)&#13;
worker.org.gradle.process.internal.worker.GradleWorkerMain.main(GradleWorkerMain.java:74)&#13;
</system-err></testcase></testsuite>