<?xml version="1.0" encoding="UTF-8" standalone="no"?><testsuite errors="1" failures="0" name="Sign Up in CMR Alkomprar page" skipped="0" tests="1" time="16.13" timestamp="2023-06-24 11:58:22"><testcase name="Signup in CRM Alkomprar page successful"><error type="java.lang.NullPointerException"/><system-err>null&#13;
com.google.common.base.Preconditions.checkNotNull(Preconditions.java:889)&#13;
stepdefinitions.SignUpCMRAlkomprarStepdefinition.trySignupInThePage(SignUpCMRAlkomprarStepdefinition.java:53)&#13;
✽.try signup in the page(file:///C:/Users/alejandro.roncancio/Desktop/ACN_CORBETA_OPERACION_CORPORATIVA/ACN_CORBETA_OPERACION_CORPORATIVA/src/test/resources/features/validacionUsuario.feature:5)&#13;
</system-err></testcase></testsuite>